<?xml version="1.0" encoding="UTF-8"?>
<testsuite xmlns:xsi="http://www.w3.org/2001/XMLSchema-instance" xsi:noNamespaceSchemaLocation="https://maven.apache.org/surefire/maven-surefire-plugin/xsd/surefire-test-report.xsd" name="RomanNumeralTest" time="0.428" tests="5" errors="0" skipped="0" failures="0">
  <properties>
    <property name="java.specification.version" value="22"/>
    <property name="sun.cpu.isalist" value="amd64"/>
    <property name="sun.jnu.encoding" value="Cp1252"/>
    <property name="java.class.path" value="C:\Users\raph4\Documents\InteliJ\VV-ISTIC-TP4\code\roman-numerals\target\test-classes;C:\Users\raph4\Documents\InteliJ\VV-ISTIC-TP4\code\roman-numerals\target\classes;C:\Users\raph4\.m2\repository\net\jqwik\jqwik\1.3.10\jqwik-1.3.10.jar;C:\Users\raph4\.m2\repository\org\apiguardian\apiguardian-api\1.1.0\apiguardian-api-1.1.0.jar;C:\Users\raph4\.m2\repository\net\jqwik\jqwik-api\1.3.10\jqwik-api-1.3.10.jar;C:\Users\raph4\.m2\repository\org\opentest4j\opentest4j\1.2.0\opentest4j-1.2.0.jar;C:\Users\raph4\.m2\repository\org\junit\platform\junit-platform-commons\1.7.0\junit-platform-commons-1.7.0.jar;C:\Users\raph4\.m2\repository\net\jqwik\jqwik-engine\1.3.10\jqwik-engine-1.3.10.jar;C:\Users\raph4\.m2\repository\org\junit\platform\junit-platform-engine\1.7.0\junit-platform-engine-1.7.0.jar;C:\Users\raph4\.m2\repository\org\assertj\assertj-core\3.24.2\assertj-core-3.24.2.jar;C:\Users\raph4\.m2\repository\net\bytebuddy\byte-buddy\1.12.21\byte-buddy-1.12.21.jar;"/>
    <property name="java.vm.vendor" value="Oracle Corporation"/>
    <property name="sun.arch.data.model" value="64"/>
    <property name="user.variant" value=""/>
    <property name="java.vendor.url" value="https://java.oracle.com/"/>
    <property name="user.timezone" value="Europe/Paris"/>
    <property name="os.name" value="Windows 11"/>
    <property name="java.vm.specification.version" value="22"/>
    <property name="sun.java.launcher" value="SUN_STANDARD"/>
    <property name="user.country" value="FR"/>
    <property name="sun.boot.library.path" value="C:\Users\raph4\.jdks\openjdk-22.0.1\bin"/>
    <property name="sun.java.command" value="C:\Users\raph4\AppData\Local\Temp\surefire14655531562114137849\surefirebooter17354116919567114721.jar C:\Users\raph4\AppData\Local\Temp\surefire14655531562114137849 2024-12-10T14-42-35_043-jvmRun1 surefire11212895043020699070tmp surefire_010655394227236513591tmp"/>
    <property name="jdk.debug" value="release"/>
    <property name="surefire.test.class.path" value="C:\Users\raph4\Documents\InteliJ\VV-ISTIC-TP4\code\roman-numerals\target\test-classes;C:\Users\raph4\Documents\InteliJ\VV-ISTIC-TP4\code\roman-numerals\target\classes;C:\Users\raph4\.m2\repository\net\jqwik\jqwik\1.3.10\jqwik-1.3.10.jar;C:\Users\raph4\.m2\repository\org\apiguardian\apiguardian-api\1.1.0\apiguardian-api-1.1.0.jar;C:\Users\raph4\.m2\repository\net\jqwik\jqwik-api\1.3.10\jqwik-api-1.3.10.jar;C:\Users\raph4\.m2\repository\org\opentest4j\opentest4j\1.2.0\opentest4j-1.2.0.jar;C:\Users\raph4\.m2\repository\org\junit\platform\junit-platform-commons\1.7.0\junit-platform-commons-1.7.0.jar;C:\Users\raph4\.m2\repository\net\jqwik\jqwik-engine\1.3.10\jqwik-engine-1.3.10.jar;C:\Users\raph4\.m2\repository\org\junit\platform\junit-platform-engine\1.7.0\junit-platform-engine-1.7.0.jar;C:\Users\raph4\.m2\repository\org\assertj\assertj-core\3.24.2\assertj-core-3.24.2.jar;C:\Users\raph4\.m2\repository\net\bytebuddy\byte-buddy\1.12.21\byte-buddy-1.12.21.jar;"/>
    <property name="sun.cpu.endian" value="little"/>
    <property name="user.home" value="C:\Users\raph4"/>
    <property name="user.language" value="fr"/>
    <property name="java.specification.vendor" value="Oracle Corporation"/>
    <property name="java.version.date" value="2024-04-16"/>
    <property name="java.home" value="C:\Users\raph4\.jdks\openjdk-22.0.1"/>
    <property name="file.separator" value="\"/>
    <property name="basedir" value="C:\Users\raph4\Documents\InteliJ\VV-ISTIC-TP4\code\roman-numerals"/>
    <property name="java.vm.compressedOopsMode" value="Zero based"/>
    <property name="line.separator" value="&#10;"/>
    <property name="java.vm.specification.vendor" value="Oracle Corporation"/>
    <property name="java.specification.name" value="Java Platform API Specification"/>
    <property name="surefire.real.class.path" value="C:\Users\raph4\AppData\Local\Temp\surefire14655531562114137849\surefirebooter17354116919567114721.jar"/>
    <property name="user.script" value=""/>
    <property name="sun.management.compiler" value="HotSpot 64-Bit Tiered Compilers"/>
    <property name="java.runtime.version" value="22.0.1+8-16"/>
    <property name="user.name" value="raph4"/>
    <property name="stdout.encoding" value="Cp1252"/>
    <property name="path.separator" value=";"/>
    <property name="os.version" value="10.0"/>
    <property name="java.runtime.name" value="OpenJDK Runtime Environment"/>
    <property name="file.encoding" value="UTF-8"/>
    <property name="java.vm.name" value="OpenJDK 64-Bit Server VM"/>
    <property name="localRepository" value="C:\Users\raph4\.m2\repository"/>
    <property name="java.vendor.url.bug" value="https://bugreport.java.com/bugreport/"/>
    <property name="java.io.tmpdir" value="C:\Users\raph4\AppData\Local\Temp\"/>
    <property name="idea.version" value="2024.3"/>
    <property name="java.version" value="22.0.1"/>
    <property name="user.dir" value="C:\Users\raph4\Documents\InteliJ\VV-ISTIC-TP4\code\roman-numerals"/>
    <property name="os.arch" value="amd64"/>
    <property name="java.vm.specification.name" value="Java Virtual Machine Specification"/>
    <property name="sun.os.patch.level" value=""/>
    <property name="native.encoding" value="Cp1252"/>
    <property name="java.library.path" value="C:\Users\raph4\.jdks\openjdk-22.0.1\bin;C:\WINDOWS\Sun\Java\bin;C:\WINDOWS\system32;C:\WINDOWS;C:\Users\raph4\Downloads\openjdk-21+35_windows-x64_bin\jdk-21\bin;C:\Users\raph4\Downloads\openjdk-23.0.1_windows-x64_bin\jdk-23.0.1\bin;C:\Program Files\Eclipse Adoptium\jdk-17.0.5.8-hotspot\bin;C:\Program Files (x86)\Common Files\Oracle\Java\javapath;C:\WINDOWS\system32;C:\WINDOWS;C:\WINDOWS\System32\Wbem;C:\WINDOWS\System32\WindowsPowerShell\v1.0\;C:\WINDOWS\System32\OpenSSH\;C:\Program Files\Git\cmd;C:\TDM-GCC-32\bin;C:\Program Files\Go\bin;C:\Program Files (x86)\sbt\bin;C:\ProgramData\chocolatey\bin;C:\ProgramData\nvm;C:\Program Files\nodejs;C:\Users\raph4\Downloads\pmd-dist-7.7.0-bin\pmd-bin-7.7.0\bin;C:\Users\raph4\Downloads\google-cloud-cli-windows-x86_64\google-cloud-sdk\bin;C:\Program Files (x86)\Windows Kits\10\Windows Performance Toolkit\;C:\Users\raph4\dev\flutter\bin;C:\Users\raph4\AppData\Local\Microsoft\WindowsApps;C:\Users\raph4\AppData\Local\GitHubDesktop\bin;C:\Users\raph4\AppData\Local\Programs\Microsoft VS Code\bin;C:\Users\raph4\AppData\Local\JetBrains\Toolbox\scripts;C:\Users\raph4\AppData\Roaming\npm;C:\Users\raph4\go\bin;C:\ProgramData\nvm;C:\Program Files\nodejs;C:\Program Files (x86)\Nmap;C:\Users\raph4\dev\flutter\bin;."/>
    <property name="java.vm.info" value="mixed mode, sharing"/>
    <property name="stderr.encoding" value="Cp1252"/>
    <property name="java.vendor" value="Oracle Corporation"/>
    <property name="java.vm.version" value="22.0.1+8-16"/>
    <property name="sun.io.unicode.encoding" value="UnicodeLittle"/>
    <property name="java.class.version" value="66.0"/>
  </properties>
  <testcase name="invalidRomanNumeralsAreRejected" classname="fr.istic.vv.RomanNumeralTest" time="0.085"/>
  <testcase name="convertIntToRoman" classname="fr.istic.vv.RomanNumeralTest" time="0.208"/>
  <testcase name="absoluteValueOfAllNumbersIsPositive" classname="fr.istic.vv.RomanNumeralTest" time="0.097"/>
  <testcase name="convertRomanToInt" classname="fr.istic.vv.RomanNumeralTest" time="0.019"/>
  <testcase name="validRomanNumeralsAreAccepted" classname="fr.istic.vv.RomanNumeralTest" time="0.003"/>
</testsuite>