<?xml version="1.0" encoding="UTF-8"?>
<testsuite xmlns:xsi="http://www.w3.org/2001/XMLSchema-instance" xsi:noNamespaceSchemaLocation="https://maven.apache.org/surefire/maven-surefire-plugin/xsd/surefire-test-report.xsd" name="BinaryHeapTest" time="0.761" tests="6" errors="0" skipped="0" failures="0">
  <properties>
    <property name="java.specification.version" value="21"/>
    <property name="sun.jnu.encoding" value="UTF-8"/>
    <property name="java.class.path" value="/home/daouda-traore/Documents/Master2/V/VV-ISTIC-TP4/code/heap/target/test-classes:/home/daouda-traore/Documents/Master2/V/VV-ISTIC-TP4/code/heap/target/classes:/home/daouda-traore/.m2/repository/net/jqwik/jqwik/1.3.10/jqwik-1.3.10.jar:/home/daouda-traore/.m2/repository/org/apiguardian/apiguardian-api/1.1.0/apiguardian-api-1.1.0.jar:/home/daouda-traore/.m2/repository/net/jqwik/jqwik-api/1.3.10/jqwik-api-1.3.10.jar:/home/daouda-traore/.m2/repository/org/opentest4j/opentest4j/1.2.0/opentest4j-1.2.0.jar:/home/daouda-traore/.m2/repository/org/junit/platform/junit-platform-commons/1.7.0/junit-platform-commons-1.7.0.jar:/home/daouda-traore/.m2/repository/net/jqwik/jqwik-engine/1.3.10/jqwik-engine-1.3.10.jar:/home/daouda-traore/.m2/repository/org/junit/platform/junit-platform-engine/1.7.0/junit-platform-engine-1.7.0.jar:"/>
    <property name="java.vm.vendor" value="Ubuntu"/>
    <property name="sun.arch.data.model" value="64"/>
    <property name="java.vendor.url" value="https://ubuntu.com/"/>
    <property name="user.timezone" value="Europe/Paris"/>
    <property name="os.name" value="Linux"/>
    <property name="java.vm.specification.version" value="21"/>
    <property name="sun.java.launcher" value="SUN_STANDARD"/>
    <property name="user.country" value="FR"/>
    <property name="sun.boot.library.path" value="/usr/lib/jvm/java-21-openjdk-amd64/lib"/>
    <property name="sun.java.command" value="/home/daouda-traore/Documents/Master2/V/VV-ISTIC-TP4/code/heap/target/surefire/surefirebooter3976771689140435420.jar /home/daouda-traore/Documents/Master2/V/VV-ISTIC-TP4/code/heap/target/surefire 2024-12-20T20-02-59_740-jvmRun1 surefire3637994969841646195tmp surefire_014743926258037503448tmp"/>
    <property name="jdk.debug" value="release"/>
    <property name="surefire.test.class.path" value="/home/daouda-traore/Documents/Master2/V/VV-ISTIC-TP4/code/heap/target/test-classes:/home/daouda-traore/Documents/Master2/V/VV-ISTIC-TP4/code/heap/target/classes:/home/daouda-traore/.m2/repository/net/jqwik/jqwik/1.3.10/jqwik-1.3.10.jar:/home/daouda-traore/.m2/repository/org/apiguardian/apiguardian-api/1.1.0/apiguardian-api-1.1.0.jar:/home/daouda-traore/.m2/repository/net/jqwik/jqwik-api/1.3.10/jqwik-api-1.3.10.jar:/home/daouda-traore/.m2/repository/org/opentest4j/opentest4j/1.2.0/opentest4j-1.2.0.jar:/home/daouda-traore/.m2/repository/org/junit/platform/junit-platform-commons/1.7.0/junit-platform-commons-1.7.0.jar:/home/daouda-traore/.m2/repository/net/jqwik/jqwik-engine/1.3.10/jqwik-engine-1.3.10.jar:/home/daouda-traore/.m2/repository/org/junit/platform/junit-platform-engine/1.7.0/junit-platform-engine-1.7.0.jar:"/>
    <property name="sun.cpu.endian" value="little"/>
    <property name="user.home" value="/home/daouda-traore"/>
    <property name="user.language" value="fr"/>
    <property name="java.specification.vendor" value="Oracle Corporation"/>
    <property name="java.version.date" value="2024-10-15"/>
    <property name="java.home" value="/usr/lib/jvm/java-21-openjdk-amd64"/>
    <property name="file.separator" value="/"/>
    <property name="basedir" value="/home/daouda-traore/Documents/Master2/V/VV-ISTIC-TP4/code/heap"/>
    <property name="java.vm.compressedOopsMode" value="32-bit"/>
    <property name="line.separator" value="&#10;"/>
    <property name="java.specification.name" value="Java Platform API Specification"/>
    <property name="java.vm.specification.vendor" value="Oracle Corporation"/>
    <property name="surefire.real.class.path" value="/home/daouda-traore/Documents/Master2/V/VV-ISTIC-TP4/code/heap/target/surefire/surefirebooter3976771689140435420.jar"/>
    <property name="sun.management.compiler" value="HotSpot 64-Bit Tiered Compilers"/>
    <property name="java.runtime.version" value="21.0.5+11-Ubuntu-1ubuntu124.04"/>
    <property name="user.name" value="daouda-traore"/>
    <property name="stdout.encoding" value="UTF-8"/>
    <property name="path.separator" value=":"/>
    <property name="os.version" value="6.8.0-51-generic"/>
    <property name="java.runtime.name" value="OpenJDK Runtime Environment"/>
    <property name="file.encoding" value="UTF-8"/>
    <property name="java.vm.name" value="OpenJDK 64-Bit Server VM"/>
    <property name="localRepository" value="/home/daouda-traore/.m2/repository"/>
    <property name="java.vendor.url.bug" value="https://bugs.launchpad.net/ubuntu/+source/openjdk-21"/>
    <property name="java.io.tmpdir" value="/tmp"/>
    <property name="java.version" value="21.0.5"/>
    <property name="user.dir" value="/home/daouda-traore/Documents/Master2/V/VV-ISTIC-TP4/code/heap"/>
    <property name="os.arch" value="amd64"/>
    <property name="java.vm.specification.name" value="Java Virtual Machine Specification"/>
    <property name="native.encoding" value="UTF-8"/>
    <property name="java.library.path" value="/usr/java/packages/lib:/usr/lib/x86_64-linux-gnu/jni:/lib/x86_64-linux-gnu:/usr/lib/x86_64-linux-gnu:/usr/lib/jni:/lib:/usr/lib"/>
    <property name="java.vm.info" value="mixed mode, sharing"/>
    <property name="stderr.encoding" value="UTF-8"/>
    <property name="java.vendor" value="Ubuntu"/>
    <property name="java.vm.version" value="21.0.5+11-Ubuntu-1ubuntu124.04"/>
    <property name="sun.io.unicode.encoding" value="UnicodeLittle"/>
    <property name="java.class.version" value="65.0"/>
  </properties>
  <testcase name="pushIncreasesHeapSize" classname="fr.istic.vv.BinaryHeapTest" time="0.29"/>
  <testcase name="peekDoesNotChangeHeapSize" classname="fr.istic.vv.BinaryHeapTest" time="0.201"/>
  <testcase name="popReducesHeapSize" classname="fr.istic.vv.BinaryHeapTest" time="0.091"/>
  <testcase name="popReturnsMinimumElement" classname="fr.istic.vv.BinaryHeapTest" time="0.071"/>
  <testcase name="popThrowsExceptionWhenEmpty" classname="fr.istic.vv.BinaryHeapTest" time="0.047"/>
  <testcase name="absoluteValueOfAllNumbersIsPositive" classname="fr.istic.vv.BinaryHeapTest" time="0.052"/>
</testsuite>